2021-12-14 06:26:19,744 DEBUG logging.InternalLoggerFactory [main] Using Log4J2 as the default logging framework
2021-12-14 06:26:19,749 DEBUG util.ResourceLeakDetector [main] -Dio.netty.leakDetection.level: simple
2021-12-14 06:26:19,749 DEBUG util.ResourceLeakDetector [main] -Dio.netty.leakDetection.targetRecords: 4
2021-12-14 06:26:19,752 DEBUG util.ResourceLeakDetectorFactory [main] Loaded default ResourceLeakDetector: io.netty.util.ResourceLeakDetector@320494b6
2021-12-14 06:26:19,763 DEBUG internal.PlatformDependent0 [main] -Dio.netty.noUnsafe: false
2021-12-14 06:26:19,763 DEBUG internal.PlatformDependent0 [main] Java version: 11
2021-12-14 06:26:19,764 DEBUG internal.PlatformDependent0 [main] sun.misc.Unsafe.theUnsafe: available
2021-12-14 06:26:19,765 DEBUG internal.PlatformDependent0 [main] sun.misc.Unsafe.copyMemory: available
2021-12-14 06:26:19,765 DEBUG internal.PlatformDependent0 [main] java.nio.Buffer.address: available
2021-12-14 06:26:19,766 DEBUG internal.PlatformDependent0 [main] direct buffer constructor: unavailable
java.lang.UnsupportedOperationException: Reflective setAccessible(true) disabled
	at io.netty.util.internal.ReflectionUtil.trySetAccessible(ReflectionUtil.java:31) ~[netty-common-4.1.69.Final.jar:4.1.69.Final]
	at io.netty.util.internal.PlatformDependent0$4.run(PlatformDependent0.java:253) ~[netty-common-4.1.69.Final.jar:4.1.69.Final]
	at java.security.AccessController.doPrivileged(Native Method) ~[?:?]
	at io.netty.util.internal.PlatformDependent0.<clinit>(PlatformDependent0.java:247) ~[netty-common-4.1.69.Final.jar:4.1.69.Final]
	at io.netty.util.internal.PlatformDependent.isAndroid(PlatformDependent.java:294) ~[netty-common-4.1.69.Final.jar:4.1.69.Final]
	at io.netty.util.internal.PlatformDependent.<clinit>(PlatformDependent.java:88) ~[netty-common-4.1.69.Final.jar:4.1.69.Final]
	at io.netty.util.HashedWheelTimer.<init>(HashedWheelTimer.java:114) ~[netty-common-4.1.69.Final.jar:4.1.69.Final]
	at io.netty.util.HashedWheelTimer.<init>(HashedWheelTimer.java:251) ~[netty-common-4.1.69.Final.jar:4.1.69.Final]
	at io.netty.util.HashedWheelTimer.<init>(HashedWheelTimer.java:224) ~[netty-common-4.1.69.Final.jar:4.1.69.Final]
	at io.netty.util.HashedWheelTimer.<init>(HashedWheelTimer.java:203) ~[netty-common-4.1.69.Final.jar:4.1.69.Final]
	at org.asynchttpclient.DefaultAsyncHttpClient.newNettyTimer(DefaultAsyncHttpClient.java:111) ~[async-http-client-2.12.3.jar:?]
	at org.asynchttpclient.DefaultAsyncHttpClient.<init>(DefaultAsyncHttpClient.java:90) ~[async-http-client-2.12.3.jar:?]
	at org.asynchttpclient.Dsl.asyncHttpClient(Dsl.java:32) ~[async-http-client-2.12.3.jar:?]
	at org.openqa.selenium.remote.http.netty.NettyClient.createHttpClient(NettyClient.java:103) ~[selenium-remote-driver-4.1.0.jar:?]
	at org.openqa.selenium.remote.http.netty.NettyClient.<clinit>(NettyClient.java:50) ~[selenium-remote-driver-4.1.0.jar:?]
	at org.openqa.selenium.remote.http.netty.NettyClient$Factory.createClient(NettyClient.java:144) ~[selenium-remote-driver-4.1.0.jar:?]
	at org.openqa.selenium.remote.HttpCommandExecutor.<init>(HttpCommandExecutor.java:107) ~[selenium-remote-driver-4.1.0.jar:?]
	at org.openqa.selenium.remote.HttpCommandExecutor.<init>(HttpCommandExecutor.java:94) ~[selenium-remote-driver-4.1.0.jar:?]
	at org.openqa.selenium.remote.HttpCommandExecutor.<init>(HttpCommandExecutor.java:85) ~[selenium-remote-driver-4.1.0.jar:?]
	at org.openqa.selenium.remote.service.DriverCommandExecutor.<init>(DriverCommandExecutor.java:77) ~[selenium-remote-driver-4.1.0.jar:?]
	at org.openqa.selenium.chromium.ChromiumDriverCommandExecutor.<init>(ChromiumDriverCommandExecutor.java:35) ~[selenium-chromium-driver-4.1.0.jar:?]
	at org.openqa.selenium.chrome.ChromeDriver$ChromeDriverCommandExecutor.<init>(ChromeDriver.java:111) ~[selenium-chrome-driver-4.1.0.jar:?]
	at org.openqa.selenium.chrome.ChromeDriver.<init>(ChromeDriver.java:104) ~[selenium-chrome-driver-4.1.0.jar:?]
	at org.openqa.selenium.chrome.ChromeDriver.<init>(ChromeDriver.java:91) ~[selenium-chrome-driver-4.1.0.jar:?]
	at org.openqa.selenium.chrome.ChromeDriver.<init>(ChromeDriver.java:80) ~[selenium-chrome-driver-4.1.0.jar:?]
	at org.testing.driver.DriverSingleton.getDriver(DriverSingleton.java:26) ~[test-classes/:?]
	at org.testing.test.CommonConditions.setUp(CommonConditions.java:15) ~[test-classes/:?]
	at jdk.internal.reflect.NativeMethodAccessorImpl.invoke0(Native Method) ~[?:?]
	at jdk.internal.reflect.NativeMethodAccessorImpl.invoke(NativeMethodAccessorImpl.java:62) ~[?:?]
	at jdk.internal.reflect.DelegatingMethodAccessorImpl.invoke(DelegatingMethodAccessorImpl.java:43) ~[?:?]
	at java.lang.reflect.Method.invoke(Method.java:566) ~[?:?]
	at org.testng.internal.MethodInvocationHelper.invokeMethod(MethodInvocationHelper.java:133) ~[testng-7.4.0.jar:7.4.0]
	at org.testng.internal.MethodInvocationHelper.invokeMethodConsideringTimeout(MethodInvocationHelper.java:62) ~[testng-7.4.0.jar:7.4.0]
	at org.testng.internal.ConfigInvoker.invokeConfigurationMethod(ConfigInvoker.java:385) ~[testng-7.4.0.jar:7.4.0]
	at org.testng.internal.ConfigInvoker.invokeConfigurations(ConfigInvoker.java:321) ~[testng-7.4.0.jar:7.4.0]
	at org.testng.internal.TestInvoker.runConfigMethods(TestInvoker.java:700) ~[testng-7.4.0.jar:7.4.0]
	at org.testng.internal.TestInvoker.invokeMethod(TestInvoker.java:527) ~[testng-7.4.0.jar:7.4.0]
	at org.testng.internal.TestInvoker.invokeTestMethod(TestInvoker.java:173) ~[testng-7.4.0.jar:7.4.0]
	at org.testng.internal.MethodRunner.runInSequence(MethodRunner.java:46) ~[testng-7.4.0.jar:7.4.0]
	at org.testng.internal.TestInvoker$MethodInvocationAgent.invoke(TestInvoker.java:824) ~[testng-7.4.0.jar:7.4.0]
	at org.testng.internal.TestInvoker.invokeTestMethods(TestInvoker.java:146) ~[testng-7.4.0.jar:7.4.0]
	at org.testng.internal.TestMethodWorker.invokeTestMethods(TestMethodWorker.java:146) ~[testng-7.4.0.jar:7.4.0]
	at org.testng.internal.TestMethodWorker.run(TestMethodWorker.java:128) ~[testng-7.4.0.jar:7.4.0]
	at java.util.ArrayList.forEach(ArrayList.java:1541) [?:?]
	at org.testng.TestRunner.privateRun(TestRunner.java:794) [testng-7.4.0.jar:7.4.0]
	at org.testng.TestRunner.run(TestRunner.java:596) [testng-7.4.0.jar:7.4.0]
	at org.testng.SuiteRunner.runTest(SuiteRunner.java:377) [testng-7.4.0.jar:7.4.0]
	at org.testng.SuiteRunner.runSequentially(SuiteRunner.java:371) [testng-7.4.0.jar:7.4.0]
	at org.testng.SuiteRunner.privateRun(SuiteRunner.java:332) [testng-7.4.0.jar:7.4.0]
	at org.testng.SuiteRunner.run(SuiteRunner.java:276) [testng-7.4.0.jar:7.4.0]
	at org.testng.SuiteRunnerWorker.runSuite(SuiteRunnerWorker.java:53) [testng-7.4.0.jar:7.4.0]
	at org.testng.SuiteRunnerWorker.run(SuiteRunnerWorker.java:96) [testng-7.4.0.jar:7.4.0]
	at org.testng.TestNG.runSuitesSequentially(TestNG.java:1212) [testng-7.4.0.jar:7.4.0]
	at org.testng.TestNG.runSuitesLocally(TestNG.java:1134) [testng-7.4.0.jar:7.4.0]
	at org.testng.TestNG.runSuites(TestNG.java:1063) [testng-7.4.0.jar:7.4.0]
	at org.testng.TestNG.run(TestNG.java:1031) [testng-7.4.0.jar:7.4.0]
	at org.apache.maven.surefire.testng.TestNGExecutor.run(TestNGExecutor.java:283) [surefire-testng-3.0.0-M1.jar:3.0.0-M1]
	at org.apache.maven.surefire.testng.TestNGXmlTestSuite.execute(TestNGXmlTestSuite.java:75) [surefire-testng-3.0.0-M1.jar:3.0.0-M1]
	at org.apache.maven.surefire.testng.TestNGProvider.invoke(TestNGProvider.java:120) [surefire-testng-3.0.0-M1.jar:3.0.0-M1]
	at org.apache.maven.surefire.booter.ForkedBooter.invokeProviderInSameClassLoader(ForkedBooter.java:384) [surefire-booter-3.0.0-M1.jar:3.0.0-M1]
	at org.apache.maven.surefire.booter.ForkedBooter.runSuitesInProcess(ForkedBooter.java:345) [surefire-booter-3.0.0-M1.jar:3.0.0-M1]
	at org.apache.maven.surefire.booter.ForkedBooter.execute(ForkedBooter.java:126) [surefire-booter-3.0.0-M1.jar:3.0.0-M1]
	at org.apache.maven.surefire.booter.ForkedBooter.main(ForkedBooter.java:418) [surefire-booter-3.0.0-M1.jar:3.0.0-M1]
2021-12-14 06:26:19,770 DEBUG internal.PlatformDependent0 [main] java.nio.Bits.unaligned: available, true
2021-12-14 06:26:19,771 DEBUG internal.PlatformDependent0 [main] jdk.internal.misc.Unsafe.allocateUninitializedArray(int): unavailable
java.lang.IllegalAccessException: class io.netty.util.internal.PlatformDependent0$6 cannot access class jdk.internal.misc.Unsafe (in module java.base) because module java.base does not export jdk.internal.misc to unnamed module @7abe27bf
	at jdk.internal.reflect.Reflection.newIllegalAccessException(Reflection.java:361) ~[?:?]
	at java.lang.reflect.AccessibleObject.checkAccess(AccessibleObject.java:591) ~[?:?]
	at java.lang.reflect.Method.invoke(Method.java:558) ~[?:?]
	at io.netty.util.internal.PlatformDependent0$6.run(PlatformDependent0.java:375) ~[netty-common-4.1.69.Final.jar:4.1.69.Final]
	at java.security.AccessController.doPrivileged(Native Method) ~[?:?]
	at io.netty.util.internal.PlatformDependent0.<clinit>(PlatformDependent0.java:366) ~[netty-common-4.1.69.Final.jar:4.1.69.Final]
	at io.netty.util.internal.PlatformDependent.isAndroid(PlatformDependent.java:294) ~[netty-common-4.1.69.Final.jar:4.1.69.Final]
	at io.netty.util.internal.PlatformDependent.<clinit>(PlatformDependent.java:88) ~[netty-common-4.1.69.Final.jar:4.1.69.Final]
	at io.netty.util.HashedWheelTimer.<init>(HashedWheelTimer.java:114) ~[netty-common-4.1.69.Final.jar:4.1.69.Final]
	at io.netty.util.HashedWheelTimer.<init>(HashedWheelTimer.java:251) ~[netty-common-4.1.69.Final.jar:4.1.69.Final]
	at io.netty.util.HashedWheelTimer.<init>(HashedWheelTimer.java:224) ~[netty-common-4.1.69.Final.jar:4.1.69.Final]
	at io.netty.util.HashedWheelTimer.<init>(HashedWheelTimer.java:203) ~[netty-common-4.1.69.Final.jar:4.1.69.Final]
	at org.asynchttpclient.DefaultAsyncHttpClient.newNettyTimer(DefaultAsyncHttpClient.java:111) ~[async-http-client-2.12.3.jar:?]
	at org.asynchttpclient.DefaultAsyncHttpClient.<init>(DefaultAsyncHttpClient.java:90) ~[async-http-client-2.12.3.jar:?]
	at org.asynchttpclient.Dsl.asyncHttpClient(Dsl.java:32) ~[async-http-client-2.12.3.jar:?]
	at org.openqa.selenium.remote.http.netty.NettyClient.createHttpClient(NettyClient.java:103) ~[selenium-remote-driver-4.1.0.jar:?]
	at org.openqa.selenium.remote.http.netty.NettyClient.<clinit>(NettyClient.java:50) ~[selenium-remote-driver-4.1.0.jar:?]
	at org.openqa.selenium.remote.http.netty.NettyClient$Factory.createClient(NettyClient.java:144) ~[selenium-remote-driver-4.1.0.jar:?]
	at org.openqa.selenium.remote.HttpCommandExecutor.<init>(HttpCommandExecutor.java:107) ~[selenium-remote-driver-4.1.0.jar:?]
	at org.openqa.selenium.remote.HttpCommandExecutor.<init>(HttpCommandExecutor.java:94) ~[selenium-remote-driver-4.1.0.jar:?]
	at org.openqa.selenium.remote.HttpCommandExecutor.<init>(HttpCommandExecutor.java:85) ~[selenium-remote-driver-4.1.0.jar:?]
	at org.openqa.selenium.remote.service.DriverCommandExecutor.<init>(DriverCommandExecutor.java:77) ~[selenium-remote-driver-4.1.0.jar:?]
	at org.openqa.selenium.chromium.ChromiumDriverCommandExecutor.<init>(ChromiumDriverCommandExecutor.java:35) ~[selenium-chromium-driver-4.1.0.jar:?]
	at org.openqa.selenium.chrome.ChromeDriver$ChromeDriverCommandExecutor.<init>(ChromeDriver.java:111) ~[selenium-chrome-driver-4.1.0.jar:?]
	at org.openqa.selenium.chrome.ChromeDriver.<init>(ChromeDriver.java:104) ~[selenium-chrome-driver-4.1.0.jar:?]
	at org.openqa.selenium.chrome.ChromeDriver.<init>(ChromeDriver.java:91) ~[selenium-chrome-driver-4.1.0.jar:?]
	at org.openqa.selenium.chrome.ChromeDriver.<init>(ChromeDriver.java:80) ~[selenium-chrome-driver-4.1.0.jar:?]
	at org.testing.driver.DriverSingleton.getDriver(DriverSingleton.java:26) ~[test-classes/:?]
	at org.testing.test.CommonConditions.setUp(CommonConditions.java:15) ~[test-classes/:?]
	at jdk.internal.reflect.NativeMethodAccessorImpl.invoke0(Native Method) ~[?:?]
	at jdk.internal.reflect.NativeMethodAccessorImpl.invoke(NativeMethodAccessorImpl.java:62) ~[?:?]
	at jdk.internal.reflect.DelegatingMethodAccessorImpl.invoke(DelegatingMethodAccessorImpl.java:43) ~[?:?]
	at java.lang.reflect.Method.invoke(Method.java:566) ~[?:?]
	at org.testng.internal.MethodInvocationHelper.invokeMethod(MethodInvocationHelper.java:133) ~[testng-7.4.0.jar:7.4.0]
	at org.testng.internal.MethodInvocationHelper.invokeMethodConsideringTimeout(MethodInvocationHelper.java:62) ~[testng-7.4.0.jar:7.4.0]
	at org.testng.internal.ConfigInvoker.invokeConfigurationMethod(ConfigInvoker.java:385) ~[testng-7.4.0.jar:7.4.0]
	at org.testng.internal.ConfigInvoker.invokeConfigurations(ConfigInvoker.java:321) ~[testng-7.4.0.jar:7.4.0]
	at org.testng.internal.TestInvoker.runConfigMethods(TestInvoker.java:700) ~[testng-7.4.0.jar:7.4.0]
	at org.testng.internal.TestInvoker.invokeMethod(TestInvoker.java:527) ~[testng-7.4.0.jar:7.4.0]
	at org.testng.internal.TestInvoker.invokeTestMethod(TestInvoker.java:173) ~[testng-7.4.0.jar:7.4.0]
	at org.testng.internal.MethodRunner.runInSequence(MethodRunner.java:46) ~[testng-7.4.0.jar:7.4.0]
	at org.testng.internal.TestInvoker$MethodInvocationAgent.invoke(TestInvoker.java:824) ~[testng-7.4.0.jar:7.4.0]
	at org.testng.internal.TestInvoker.invokeTestMethods(TestInvoker.java:146) ~[testng-7.4.0.jar:7.4.0]
	at org.testng.internal.TestMethodWorker.invokeTestMethods(TestMethodWorker.java:146) ~[testng-7.4.0.jar:7.4.0]
	at org.testng.internal.TestMethodWorker.run(TestMethodWorker.java:128) ~[testng-7.4.0.jar:7.4.0]
	at java.util.ArrayList.forEach(ArrayList.java:1541) [?:?]
	at org.testng.TestRunner.privateRun(TestRunner.java:794) [testng-7.4.0.jar:7.4.0]
	at org.testng.TestRunner.run(TestRunner.java:596) [testng-7.4.0.jar:7.4.0]
	at org.testng.SuiteRunner.runTest(SuiteRunner.java:377) [testng-7.4.0.jar:7.4.0]
	at org.testng.SuiteRunner.runSequentially(SuiteRunner.java:371) [testng-7.4.0.jar:7.4.0]
	at org.testng.SuiteRunner.privateRun(SuiteRunner.java:332) [testng-7.4.0.jar:7.4.0]
	at org.testng.SuiteRunner.run(SuiteRunner.java:276) [testng-7.4.0.jar:7.4.0]
	at org.testng.SuiteRunnerWorker.runSuite(SuiteRunnerWorker.java:53) [testng-7.4.0.jar:7.4.0]
	at org.testng.SuiteRunnerWorker.run(SuiteRunnerWorker.java:96) [testng-7.4.0.jar:7.4.0]
	at org.testng.TestNG.runSuitesSequentially(TestNG.java:1212) [testng-7.4.0.jar:7.4.0]
	at org.testng.TestNG.runSuitesLocally(TestNG.java:1134) [testng-7.4.0.jar:7.4.0]
	at org.testng.TestNG.runSuites(TestNG.java:1063) [testng-7.4.0.jar:7.4.0]
	at org.testng.TestNG.run(TestNG.java:1031) [testng-7.4.0.jar:7.4.0]
	at org.apache.maven.surefire.testng.TestNGExecutor.run(TestNGExecutor.java:283) [surefire-testng-3.0.0-M1.jar:3.0.0-M1]
	at org.apache.maven.surefire.testng.TestNGXmlTestSuite.execute(TestNGXmlTestSuite.java:75) [surefire-testng-3.0.0-M1.jar:3.0.0-M1]
	at org.apache.maven.surefire.testng.TestNGProvider.invoke(TestNGProvider.java:120) [surefire-testng-3.0.0-M1.jar:3.0.0-M1]
	at org.apache.maven.surefire.booter.ForkedBooter.invokeProviderInSameClassLoader(ForkedBooter.java:384) [surefire-booter-3.0.0-M1.jar:3.0.0-M1]
	at org.apache.maven.surefire.booter.ForkedBooter.runSuitesInProcess(ForkedBooter.java:345) [surefire-booter-3.0.0-M1.jar:3.0.0-M1]
	at org.apache.maven.surefire.booter.ForkedBooter.execute(ForkedBooter.java:126) [surefire-booter-3.0.0-M1.jar:3.0.0-M1]
	at org.apache.maven.surefire.booter.ForkedBooter.main(ForkedBooter.java:418) [surefire-booter-3.0.0-M1.jar:3.0.0-M1]
2021-12-14 06:26:19,773 DEBUG internal.PlatformDependent0 [main] java.nio.DirectByteBuffer.<init>(long, int): unavailable
2021-12-14 06:26:19,773 DEBUG internal.PlatformDependent [main] sun.misc.Unsafe: available
2021-12-14 06:26:19,774 DEBUG internal.PlatformDependent [main] maxDirectMemory: 2044723200 bytes (maybe)
2021-12-14 06:26:19,774 DEBUG internal.PlatformDependent [main] -Dio.netty.tmpdir: /tmp (java.io.tmpdir)
2021-12-14 06:26:19,774 DEBUG internal.PlatformDependent [main] -Dio.netty.bitMode: 64 (sun.arch.data.model)
2021-12-14 06:26:19,775 DEBUG internal.PlatformDependent [main] -Dio.netty.maxDirectMemory: -1 bytes
2021-12-14 06:26:19,775 DEBUG internal.PlatformDependent [main] -Dio.netty.uninitializedArrayAllocationThreshold: -1
2021-12-14 06:26:19,776 DEBUG internal.CleanerJava9 [main] java.nio.ByteBuffer.cleaner(): available
2021-12-14 06:26:19,776 DEBUG internal.PlatformDependent [main] -Dio.netty.noPreferDirect: false
2021-12-14 06:26:19,781 DEBUG internal.PlatformDependent [main] org.jctools-core.MpscChunkedArrayQueue: available
2021-12-14 06:26:19,795 DEBUG internal.InternalThreadLocalMap [main] -Dio.netty.threadLocalMap.stringBuilder.initialSize: 1024
2021-12-14 06:26:19,795 DEBUG internal.InternalThreadLocalMap [main] -Dio.netty.threadLocalMap.stringBuilder.maxSize: 4096
2021-12-14 06:26:19,804 DEBUG ssl.JdkSslContext [main] Default protocols (JDK): [TLSv1.3, TLSv1.2] 
2021-12-14 06:26:19,805 DEBUG ssl.JdkSslContext [main] Default cipher suites (JDK): [TLS_ECDHE_ECDSA_WITH_AES_256_GCM_SHA384, TLS_ECDHE_ECDSA_WITH_AES_128_GCM_SHA256, TLS_ECDHE_RSA_WITH_AES_128_GCM_SHA256, TLS_ECDHE_RSA_WITH_AES_256_GCM_SHA384, TLS_ECDHE_RSA_WITH_AES_128_CBC_SHA, TLS_ECDHE_RSA_WITH_AES_256_CBC_SHA, TLS_RSA_WITH_AES_128_GCM_SHA256, TLS_RSA_WITH_AES_128_CBC_SHA, TLS_RSA_WITH_AES_256_CBC_SHA, TLS_AES_128_GCM_SHA256, TLS_AES_256_GCM_SHA384]
2021-12-14 06:26:19,822 DEBUG channel.MultithreadEventLoopGroup [main] -Dio.netty.eventLoopThreads: 24
2021-12-14 06:26:19,828 DEBUG nio.NioEventLoop [main] -Dio.netty.noKeySetOptimization: false
2021-12-14 06:26:19,828 DEBUG nio.NioEventLoop [main] -Dio.netty.selectorAutoRebuildThreshold: 512
2021-12-14 06:26:19,830 TRACE nio.NioEventLoop [main] instrumented a special java.util.Set into: sun.nio.ch.EPollSelectorImpl@64a4dd8d
2021-12-14 06:26:19,830 TRACE nio.NioEventLoop [main] instrumented a special java.util.Set into: sun.nio.ch.EPollSelectorImpl@41b0ae4c
2021-12-14 06:26:19,830 TRACE nio.NioEventLoop [main] instrumented a special java.util.Set into: sun.nio.ch.EPollSelectorImpl@af9a89f
2021-12-14 06:26:19,830 TRACE nio.NioEventLoop [main] instrumented a special java.util.Set into: sun.nio.ch.EPollSelectorImpl@6482eef
2021-12-14 06:26:19,831 TRACE nio.NioEventLoop [main] instrumented a special java.util.Set into: sun.nio.ch.EPollSelectorImpl@1fcf9739
2021-12-14 06:26:19,863 TRACE nio.NioEventLoop [main] instrumented a special java.util.Set into: sun.nio.ch.EPollSelectorImpl@5b498842
2021-12-14 06:26:19,864 TRACE nio.NioEventLoop [main] instrumented a special java.util.Set into: sun.nio.ch.EPollSelectorImpl@1cb37ee4
2021-12-14 06:26:19,864 TRACE nio.NioEventLoop [main] instrumented a special java.util.Set into: sun.nio.ch.EPollSelectorImpl@5bcb04cb
2021-12-14 06:26:19,864 TRACE nio.NioEventLoop [main] instrumented a special java.util.Set into: sun.nio.ch.EPollSelectorImpl@385e36d4
2021-12-14 06:26:19,864 TRACE nio.NioEventLoop [main] instrumented a special java.util.Set into: sun.nio.ch.EPollSelectorImpl@2fc2a205
2021-12-14 06:26:19,865 TRACE nio.NioEventLoop [main] instrumented a special java.util.Set into: sun.nio.ch.EPollSelectorImpl@2881ad47
2021-12-14 06:26:19,865 TRACE nio.NioEventLoop [main] instrumented a special java.util.Set into: sun.nio.ch.EPollSelectorImpl@2bef09c0
2021-12-14 06:26:19,865 TRACE nio.NioEventLoop [main] instrumented a special java.util.Set into: sun.nio.ch.EPollSelectorImpl@62ce72ff
2021-12-14 06:26:19,865 TRACE nio.NioEventLoop [main] instrumented a special java.util.Set into: sun.nio.ch.EPollSelectorImpl@58a63629
2021-12-14 06:26:19,865 TRACE nio.NioEventLoop [main] instrumented a special java.util.Set into: sun.nio.ch.EPollSelectorImpl@7de843ef
2021-12-14 06:26:19,866 TRACE nio.NioEventLoop [main] instrumented a special java.util.Set into: sun.nio.ch.EPollSelectorImpl@2e1af49b
2021-12-14 06:26:19,866 TRACE nio.NioEventLoop [main] instrumented a special java.util.Set into: sun.nio.ch.EPollSelectorImpl@3fd2322d
2021-12-14 06:26:19,866 TRACE nio.NioEventLoop [main] instrumented a special java.util.Set into: sun.nio.ch.EPollSelectorImpl@56ac5c80
2021-12-14 06:26:19,866 TRACE nio.NioEventLoop [main] instrumented a special java.util.Set into: sun.nio.ch.EPollSelectorImpl@69e49a81
2021-12-14 06:26:19,867 TRACE nio.NioEventLoop [main] instrumented a special java.util.Set into: sun.nio.ch.EPollSelectorImpl@1023150a
2021-12-14 06:26:19,867 TRACE nio.NioEventLoop [main] instrumented a special java.util.Set into: sun.nio.ch.EPollSelectorImpl@3ece1e79
2021-12-14 06:26:19,867 TRACE nio.NioEventLoop [main] instrumented a special java.util.Set into: sun.nio.ch.EPollSelectorImpl@ab20d7c
2021-12-14 06:26:19,868 TRACE nio.NioEventLoop [main] instrumented a special java.util.Set into: sun.nio.ch.EPollSelectorImpl@474fae39
2021-12-14 06:26:19,868 TRACE nio.NioEventLoop [main] instrumented a special java.util.Set into: sun.nio.ch.EPollSelectorImpl@4f4c789f
2021-12-14 06:26:19,881 DEBUG buffer.PooledByteBufAllocator [main] -Dio.netty.allocator.numHeapArenas: 20
2021-12-14 06:26:19,882 DEBUG buffer.PooledByteBufAllocator [main] -Dio.netty.allocator.numDirectArenas: 20
2021-12-14 06:26:19,882 DEBUG buffer.PooledByteBufAllocator [main] -Dio.netty.allocator.pageSize: 8192
2021-12-14 06:26:19,882 DEBUG buffer.PooledByteBufAllocator [main] -Dio.netty.allocator.maxOrder: 11
2021-12-14 06:26:19,882 DEBUG buffer.PooledByteBufAllocator [main] -Dio.netty.allocator.chunkSize: 16777216
2021-12-14 06:26:19,882 DEBUG buffer.PooledByteBufAllocator [main] -Dio.netty.allocator.smallCacheSize: 256
2021-12-14 06:26:19,882 DEBUG buffer.PooledByteBufAllocator [main] -Dio.netty.allocator.normalCacheSize: 64
2021-12-14 06:26:19,882 DEBUG buffer.PooledByteBufAllocator [main] -Dio.netty.allocator.maxCachedBufferCapacity: 32768
2021-12-14 06:26:19,883 DEBUG buffer.PooledByteBufAllocator [main] -Dio.netty.allocator.cacheTrimInterval: 8192
2021-12-14 06:26:19,883 DEBUG buffer.PooledByteBufAllocator [main] -Dio.netty.allocator.cacheTrimIntervalMillis: 0
2021-12-14 06:26:19,883 DEBUG buffer.PooledByteBufAllocator [main] -Dio.netty.allocator.useCacheForAllThreads: true
2021-12-14 06:26:19,883 DEBUG buffer.PooledByteBufAllocator [main] -Dio.netty.allocator.maxCachedByteBuffersPerChunk: 1023
2021-12-14 06:26:19,890 DEBUG buffer.ByteBufUtil [main] -Dio.netty.allocator.type: pooled
2021-12-14 06:26:19,890 DEBUG buffer.ByteBufUtil [main] -Dio.netty.threadLocalDirectBufferSize: 0
2021-12-14 06:26:19,891 DEBUG buffer.ByteBufUtil [main] -Dio.netty.maxThreadLocalCharBufferSize: 16384
2021-12-14 06:26:20,043 DEBUG channel.DefaultChannelId [Forwarding newSession on session null to remote] -Dio.netty.processId: 77149 (auto-detected)
2021-12-14 06:26:20,045 DEBUG util.NetUtil [Forwarding newSession on session null to remote] -Djava.net.preferIPv4Stack: false
2021-12-14 06:26:20,045 DEBUG util.NetUtil [Forwarding newSession on session null to remote] -Djava.net.preferIPv6Addresses: false
2021-12-14 06:26:20,046 DEBUG util.NetUtilInitializations [Forwarding newSession on session null to remote] Loopback interface: lo (lo, 0:0:0:0:0:0:0:1%lo)
2021-12-14 06:26:20,048 DEBUG util.NetUtil [Forwarding newSession on session null to remote] /proc/sys/net/core/somaxconn: 4096
2021-12-14 06:26:20,050 DEBUG channel.DefaultChannelId [Forwarding newSession on session null to remote] -Dio.netty.machineId: 98:2c:bc:ff:fe:cd:0c:da (auto-detected)
2021-12-14 06:26:20,081 DEBUG buffer.AbstractByteBuf [AsyncHttpClient-1-2] -Dio.netty.buffer.checkAccessible: true
2021-12-14 06:26:20,082 DEBUG buffer.AbstractByteBuf [AsyncHttpClient-1-2] -Dio.netty.buffer.checkBounds: true
2021-12-14 06:26:20,082 DEBUG util.ResourceLeakDetectorFactory [AsyncHttpClient-1-2] Loaded default ResourceLeakDetector: io.netty.util.ResourceLeakDetector@772e49b8
2021-12-14 06:26:20,099 DEBUG util.Recycler [AsyncHttpClient-1-2] -Dio.netty.recycler.maxCapacityPerThread: 4096
2021-12-14 06:26:20,099 DEBUG util.Recycler [AsyncHttpClient-1-2] -Dio.netty.recycler.maxSharedCapacityFactor: 2
2021-12-14 06:26:20,099 DEBUG util.Recycler [AsyncHttpClient-1-2] -Dio.netty.recycler.linkCapacity: 16
2021-12-14 06:26:20,100 DEBUG util.Recycler [AsyncHttpClient-1-2] -Dio.netty.recycler.ratio: 8
2021-12-14 06:26:20,100 DEBUG util.Recycler [AsyncHttpClient-1-2] -Dio.netty.recycler.delayedQueue.ratio: 8
2021-12-14 06:26:20,206 DEBUG compression.Brotli [AsyncHttpClient-1-2] brotli4j not in the classpath; Brotli support will be unavailable.
2021-12-14 06:26:20,397 DEBUG internal.ThreadLocalRandom [main] -Dio.netty.initialSeedUniquifier: 0x2fb34313884d23b4
2021-12-14 06:26:24,458 INFO  [main] sign in complete...
2021-12-14 06:26:25,162 INFO  [main] input data for sign in complete...
2021-12-14 06:26:25,192 TRACE websocketx.WebSocket08FrameEncoder [AsyncHttpClient-1-4] Encoding WebSocket Frame opCode=8 length=26
2021-12-14 06:26:32,512 INFO  [main] sign in complete...
2021-12-14 06:26:33,281 INFO  [main] input data for sign in complete...
2021-12-14 06:26:33,282 TRACE websocketx.WebSocket08FrameEncoder [AsyncHttpClient-1-7] Encoding WebSocket Frame opCode=8 length=26
2021-12-14 06:26:37,765 INFO  [main] sign in complete...
2021-12-14 06:26:38,485 INFO  [main] input data for sign in complete...
2021-12-14 06:26:38,487 TRACE websocketx.WebSocket08FrameEncoder [AsyncHttpClient-1-10] Encoding WebSocket Frame opCode=8 length=26
2021-12-14 06:26:44,565 INFO  [main] booking hotels complete...
2021-12-14 06:26:44,797 INFO  [main] input hotel or city complete...
2021-12-14 06:26:44,801 TRACE websocketx.WebSocket08FrameEncoder [AsyncHttpClient-1-13] Encoding WebSocket Frame opCode=8 length=26
2021-12-14 06:26:50,132 INFO  [main] order tickets complete...
2021-12-14 06:26:50,380 INFO  [main] look tickets complete...
2021-12-14 06:26:50,382 TRACE websocketx.WebSocket08FrameEncoder [AsyncHttpClient-1-16] Encoding WebSocket Frame opCode=8 length=26
2021-12-14 06:26:55,862 INFO  [main] order tickets complete...
2021-12-14 06:26:56,116 INFO  [main] look tickets complete...
2021-12-14 06:26:56,117 TRACE websocketx.WebSocket08FrameEncoder [AsyncHttpClient-1-19] Encoding WebSocket Frame opCode=8 length=26
2021-12-14 06:27:04,087 INFO  [main] input departure and arrival city complete...
2021-12-14 06:27:04,088 TRACE websocketx.WebSocket08FrameEncoder [AsyncHttpClient-1-22] Encoding WebSocket Frame opCode=8 length=26
2021-12-14 06:27:11,799 INFO  [main] input departure and arrival city complete...
2021-12-14 06:27:11,799 TRACE websocketx.WebSocket08FrameEncoder [AsyncHttpClient-1-25] Encoding WebSocket Frame opCode=8 length=26
