<?xml version="1.0" encoding="UTF-8"?>
<!-- Generated by org.testng.reporters.JUnitXMLReporter -->
<testsuite ignored="0" hostname="pirozhok-GF63-8RC" failures="1" tests="8" name="All tests" time="122.689" errors="0" timestamp="2021-12-14T15:35:55 MSK">
  <testcase classname="org.testing.test.SignInOnTravellingPageTest" name="testSignInAccountWithCredentialsFromPropertyOnTravellingPage" time="7.494"/>
  <testcase classname="org.testing.test.SignInOnTravellingPageTest" name="testSignInAccountWithEmptyUserEmailOnTravellingPage" time="6.22"/>
  <testcase classname="org.testing.test.SignInOnTravellingPageTest" name="testSignInAccountWithEmptyUserPasswordOnTravellingPage" time="6.65"/>
  <testcase classname="org.testing.test.OrderHotelTicketsOnTravellingPageTest" name="testOrderHotelsWithTestDataHotelOnTravellingPage" time="11.085"/>
  <testcase classname="org.testing.test.OrderAviaTicketsOnTravellingPageTest" name="testOrderAviaTicketsWithCredentialsFromPropertyOnTravellingPage" time="24.084"/>
  <testcase classname="org.testing.test.OrderAviaTicketsOnTravellingPageTest" name="testOrderAviaTicketsWithEmptyDepartureCityOnTravellingPage" time="28.989"/>
  <testcase classname="org.testing.test.SearchResultOnTravellingPageTest" name="testSearchAviaTicketsWithCredentialsFromPropertyForTravel" time="21.751"/>
  <testcase classname="org.testing.test.SearchResultOnTravellingPageTest" name="testSearchAviaTicketsWithEmptyArrivalCityForTravel" time="10.614">
    <failure type="org.openqa.selenium.ElementNotInteractableException" message="element not interactable
  (Session info: headless chrome=93.0.4577.82)
Build info: version: &amp;apos;4.1.0&amp;apos;, revision: &amp;apos;87802e897b&amp;apos;
System info: host: &amp;apos;pirozhok-GF63-8RC&amp;apos;, ip: &amp;apos;127.0.1.1&amp;apos;, os.name: &amp;apos;Linux&amp;apos;, os.arch: &amp;apos;amd64&amp;apos;, os.version: &amp;apos;5.11.0-41-generic&amp;apos;, java.version: &amp;apos;11.0.11&amp;apos;
Driver info: org.openqa.selenium.chrome.ChromeDriver
Command: [9c5abfd54d400a92f1efe8e060dc4d8d, clickElement {id=82c14e72-fb07-48d7-872f-df2e556f9ced}]
Capabilities {acceptInsecureCerts: false, browserName: chrome, browserVersion: 93.0.4577.82, chrome: {chromedriverVersion: 93.0.4577.63 (ff5c0da2ec0ad..., userDataDir: /tmp/.com.google.Chrome.i37wJb}, goog:chromeOptions: {debuggerAddress: localhost:46393}, javascriptEnabled: true, networkConnectionEnabled: false, pageLoadStrategy: normal, platform: LINUX, platformName: LINUX, proxy: Proxy(), se:cdp: ws://localhost:46393/devtoo..., se:cdpVersion: 93.0.4577.82, setWindowRect: true, strictFileInteractability: false, timeouts: {implicit: 0, pageLoad: 300000, script: 30000}, unhandledPromptBehavior: dismiss and notify, webauthn:extension:credBlob: true, webauthn:extension:largeBlob: true, webauthn:virtualAuthenticators: true}
Element: [[ChromeDriver: chrome on LINUX (9c5abfd54d400a92f1efe8e060dc4d8d)] -&amp;gt; xpath: //a[@href=&amp;apos;/objects/paleontologicheskiy-muzey-im-yu-a-orlova-g-moskva&amp;apos;]/b]
Session ID: 9c5abfd54d400a92f1efe8e060dc4d8d">
      <![CDATA[org.openqa.selenium.ElementNotInteractableException: element not interactable
  (Session info: headless chrome=93.0.4577.82)
Build info: version: '4.1.0', revision: '87802e897b'
System info: host: 'pirozhok-GF63-8RC', ip: '127.0.1.1', os.name: 'Linux', os.arch: 'amd64', os.version: '5.11.0-41-generic', java.version: '11.0.11'
Driver info: org.openqa.selenium.chrome.ChromeDriver
Command: [9c5abfd54d400a92f1efe8e060dc4d8d, clickElement {id=82c14e72-fb07-48d7-872f-df2e556f9ced}]
Capabilities {acceptInsecureCerts: false, browserName: chrome, browserVersion: 93.0.4577.82, chrome: {chromedriverVersion: 93.0.4577.63 (ff5c0da2ec0ad..., userDataDir: /tmp/.com.google.Chrome.i37wJb}, goog:chromeOptions: {debuggerAddress: localhost:46393}, javascriptEnabled: true, networkConnectionEnabled: false, pageLoadStrategy: normal, platform: LINUX, platformName: LINUX, proxy: Proxy(), se:cdp: ws://localhost:46393/devtoo..., se:cdpVersion: 93.0.4577.82, setWindowRect: true, strictFileInteractability: false, timeouts: {implicit: 0, pageLoad: 300000, script: 30000}, unhandledPromptBehavior: dismiss and notify, webauthn:extension:credBlob: true, webauthn:extension:largeBlob: true, webauthn:virtualAuthenticators: true}
Element: [[ChromeDriver: chrome on LINUX (9c5abfd54d400a92f1efe8e060dc4d8d)] -> xpath: //a[@href='/objects/paleontologicheskiy-muzey-im-yu-a-orlova-g-moskva']/b]
Session ID: 9c5abfd54d400a92f1efe8e060dc4d8d
at org.openqa.selenium.remote.codec.w3c.W3CHttpResponseCodec.createException(W3CHttpResponseCodec.java:200)
at org.openqa.selenium.remote.codec.w3c.W3CHttpResponseCodec.decode(W3CHttpResponseCodec.java:133)
at org.openqa.selenium.remote.codec.w3c.W3CHttpResponseCodec.decode(W3CHttpResponseCodec.java:53)
at org.openqa.selenium.remote.HttpCommandExecutor.execute(HttpCommandExecutor.java:184)
at org.openqa.selenium.remote.service.DriverCommandExecutor.invokeExecute(DriverCommandExecutor.java:164)
at org.openqa.selenium.remote.service.DriverCommandExecutor.execute(DriverCommandExecutor.java:139)
at org.openqa.selenium.remote.RemoteWebDriver.execute(RemoteWebDriver.java:559)
at org.openqa.selenium.remote.RemoteWebElement.execute(RemoteWebElement.java:251)
at org.openqa.selenium.remote.RemoteWebElement.click(RemoteWebElement.java:77)
at org.openqa.selenium.support.pagefactory.internal.LocatingElementHandler.invoke(LocatingElementHandler.java:52)
at com.sun.proxy.$Proxy28.click(Unknown Source)
at org.testing.page.SearchResultOnTravellingPage.completeWhichElement(SearchResultOnTravellingPage.java:65)
at org.testing.test.SearchResultOnTravellingPageTest.testSearchAviaTicketsWithEmptyArrivalCityForTravel(SearchResultOnTravellingPageTest.java:33)
at java.base/java.util.ArrayList.forEach(ArrayList.java:1541)
... Removed 38 stack frames]]>
    </failure>
  </testcase> <!-- testSearchAviaTicketsWithEmptyArrivalCityForTravel -->
</testsuite> <!-- All tests -->
